 
2013/05/21 13:23:39: Successful login: HELMUTH DUARTE SAATKAMP(00693033126) from ::1
2013/05/21 10:27:44: Successful login: HELMUTH DUARTE SAATKAMP(00693033126) from ::1
2013/05/21 10:33:10: Successful login: HELMUTH DUARTE SAATKAMP(00693033126) from ::1
2013/05/21 10:39:25: Successful login: Luiz Pacheco Motta(96328576749) from ::1
2013/05/21 10:46:15: Failed login attempt: 96328576749 from ::1
2013/05/21 10:53:57: Successful login: HELMUTH DUARTE SAATKAMP(00693033126) from ::1
2013/05/21 10:55:04: Successful login: HELMUTH DUARTE SAATKAMP(00693033126) from ::1
2013/05/21 10:55:32: Failed login attempt: 00693033126 from ::1
2013/05/21 11:18:39: Successful login: HELMUTH DUARTE SAATKAMP(00693033126) from ::1
2013/05/21 11:32:40: Successful login: HELMUTH DUARTE SAATKAMP(00693033126) from ::1
2013/05/21 15:43:47: Successful login: HELMUTH DUARTE SAATKAMP(00693033126) from ::1
2013/05/21 15:44:43: Successful login: HELMUTH DUARTE SAATKAMP(00693033126) from ::1
2013/05/21 17:22:26: Successful login: HELMUTH DUARTE SAATKAMP(00693033126) from ::1
2013/05/21 18:27:31: Successful login: Mariano Federico Pascual(69904723168) from ::1
2013/05/21 18:30:34: Successful login: HELMUTH DUARTE SAATKAMP(00693033126) from ::1
2013/05/22 09:41:14: Successful login: HELMUTH DUARTE SAATKAMP(00693033126) from ::1
2013/05/22 09:46:31: Successful login: HELMUTH DUARTE SAATKAMP(00693033126) from ::1
2013/05/22 10:36:20: Successful login: (00693033126) from ::1
2013/05/22 10:41:05: Successful login: Helmuth duarte saatkamp(00693033126) from ::1
2013/05/22 10:42:56: Successful login: (00693033126) from ::1
2013/05/22 10:50:37: Successful login: Helmuth Duarte Saatkamp (00693033126) from ::1
2013/05/22 10:53:49: Successful login: Helmuth Duarte Saatkamp (00693033126) from ::1
2013/05/22 11:05:35: Successful login: Helmuth Duarte Saatkamp (00693033126) from ::1
2013/05/22 11:08:59: Successful login: Helmuth Duarte Saatkamp (00693033126) from ::1
2013/05/22 11:15:42: Successful login: Helmuth Duarte Saatkamp (00693033126) from ::1
2013/05/22 11:36:53: Successful login: Helmuth Duarte Saatkamp (00693033126) from ::1
2013/05/22 11:46:03: Successful login: Helmuth Duarte Saatkamp (00693033126) from ::1
2013/05/22 11:49:43: Successful login: Helmuth Duarte Saatkamp (00693033126) from ::1
2013/05/22 11:57:08: Successful login: Helmuth Duarte Saatkamp (00693033126) from ::1
2013/05/22 14:08:45: Successful login: Helmuth Duarte Saatkamp (00693033126) from ::1
2013/05/22 16:29:14: Successful login: Helmuth Duarte Saatkamp (00693033126) from ::1
2013/05/22 16:30:41: Successful login: Helmuth Duarte Saatkamp (00693033126) from ::1
2013/05/22 16:31:43: Successful login: Helmuth Duarte Saatkamp (00693033126) from ::1
2013/05/22 16:32:58: Successful login: Helmuth Duarte Saatkamp (00693033126) from ::1
